<?xml version="1.0" encoding="UTF-8"?>
<coverage generated="1552142551691" clover="3.2.0">
  <project timestamp="1552142551691" name="All files">
    <metrics statements="10" coveredstatements="9" conditionals="0" coveredconditionals="0" methods="2" coveredmethods="2" elements="12" coveredelements="11" complexity="0" loc="10" ncloc="10" packages="5" files="5" classes="5">
      <package name="components.BlogPosts">
        <metrics statements="2" coveredstatements="2" conditionals="0" coveredconditionals="0" methods="0" coveredmethods="0"/>
        <file name="index.vue" path="/Google Drive/Code Repositories/Samples/eventsApp/mini-events-app/src/components/BlogPosts/index.vue">
          <metrics statements="2" coveredstatements="2" conditionals="0" coveredconditionals="0" methods="0" coveredmethods="0"/>
          <line num="32" count="2" type="stmt"/>
          <line num="44" count="2" type="stmt"/>
        </file>
      </package>
      <package name="components.Events">
        <metrics statements="2" coveredstatements="2" conditionals="0" coveredconditionals="0" methods="0" coveredmethods="0"/>
        <file name="index.vue" path="/Google Drive/Code Repositories/Samples/eventsApp/mini-events-app/src/components/Events/index.vue">
          <metrics statements="2" coveredstatements="2" conditionals="0" coveredconditionals="0" methods="0" coveredmethods="0"/>
          <line num="31" count="2" type="stmt"/>
          <line num="38" count="2" type="stmt"/>
        </file>
      </package>
      <package name="store.getters">
        <metrics statements="2" coveredstatements="2" conditionals="0" coveredconditionals="0" methods="2" coveredmethods="2"/>
        <file name="index.js" path="/Google Drive/Code Repositories/Samples/eventsApp/mini-events-app/src/store/getters/index.js">
          <metrics statements="2" coveredstatements="2" conditionals="0" coveredconditionals="0" methods="2" coveredmethods="2"/>
          <line num="4" count="1" type="stmt"/>
          <line num="8" count="1" type="stmt"/>
        </file>
      </package>
      <package name="store.mutations">
        <metrics statements="2" coveredstatements="1" conditionals="0" coveredconditionals="0" methods="0" coveredmethods="0"/>
        <file name="index.js" path="/Google Drive/Code Repositories/Samples/eventsApp/mini-events-app/src/store/mutations/index.js">
          <metrics statements="2" coveredstatements="1" conditionals="0" coveredconditionals="0" methods="0" coveredmethods="0"/>
          <line num="3" count="1" type="stmt"/>
          <line num="6" count="0" type="stmt"/>
        </file>
      </package>
      <package name="views">
        <metrics statements="2" coveredstatements="2" conditionals="0" coveredconditionals="0" methods="0" coveredmethods="0"/>
        <file name="Home.vue" path="/Google Drive/Code Repositories/Samples/eventsApp/mini-events-app/src/views/Home.vue">
          <metrics statements="2" coveredstatements="2" conditionals="0" coveredconditionals="0" methods="0" coveredmethods="0"/>
          <line num="9" count="1" type="stmt"/>
          <line num="10" count="1" type="stmt"/>
        </file>
      </package>
    </metrics>
  </project>
</coverage>
