{"/Google Drive/Code Repositories/Samples/eventsApp/mini-events-app/src/components/BlogPosts/index.vue": {"path":"/Google Drive/Code Repositories/Samples/eventsApp/mini-events-app/src/components/BlogPosts/index.vue","statementMap":{"0":{"start":{"line":32,"column":0},"end":{"line":null,"column":-1}},"1":{"start":{"line":44,"column":0},"end":{"line":null,"column":-1}}},"fnMap":{},"branchMap":{},"s":{"0":2,"1":2},"f":{},"b":{}}
,"/Google Drive/Code Repositories/Samples/eventsApp/mini-events-app/src/components/Events/index.vue": {"path":"/Google Drive/Code Repositories/Samples/eventsApp/mini-events-app/src/components/Events/index.vue","statementMap":{"0":{"start":{"line":31,"column":0},"end":{"line":null,"column":-1}},"1":{"start":{"line":38,"column":0},"end":{"line":null,"column":-1}}},"fnMap":{},"branchMap":{},"s":{"0":2,"1":2},"f":{},"b":{}}
,"/Google Drive/Code Repositories/Samples/eventsApp/mini-events-app/src/store/getters/index.js": {"path":"/Google Drive/Code Repositories/Samples/eventsApp/mini-events-app/src/store/getters/index.js","statementMap":{"0":{"start":{"line":4,"column":4},"end":{"line":4,"column":26}},"1":{"start":{"line":8,"column":4},"end":{"line":8,"column":25}}},"fnMap":{"0":{"name":"(anonymous_0)","decl":{"start":{"line":2,"column":13},"end":{"line":2,"column":14}},"loc":{"start":{"line":2,"column":22},"end":{"line":5,"column":3}},"line":2},"1":{"name":"(anonymous_1)","decl":{"start":{"line":6,"column":12},"end":{"line":6,"column":13}},"loc":{"start":{"line":6,"column":21},"end":{"line":9,"column":3}},"line":6}},"branchMap":{},"s":{"0":1,"1":1},"f":{"0":1,"1":1},"b":{},"_coverageSchema":"332fd63041d2c1bcb487cc26dd0d5f7d97098a6c","hash":"c35ad66c62942dcd173cba49a0fad1233b408839"}
,"/Google Drive/Code Repositories/Samples/eventsApp/mini-events-app/src/store/mutations/index.js": {"path":"/Google Drive/Code Repositories/Samples/eventsApp/mini-events-app/src/store/mutations/index.js","statementMap":{"0":{"start":{"line":3,"column":4},"end":{"line":3,"column":29}},"1":{"start":{"line":6,"column":4},"end":{"line":6,"column":28}}},"fnMap":{},"branchMap":{},"s":{"0":1,"1":0},"f":{},"b":{},"_coverageSchema":"332fd63041d2c1bcb487cc26dd0d5f7d97098a6c","hash":"de5e9aacaedc0803f39f9f7014d9e69c2901d476"}
,"/Google Drive/Code Repositories/Samples/eventsApp/mini-events-app/src/views/Home.vue": {"path":"/Google Drive/Code Repositories/Samples/eventsApp/mini-events-app/src/views/Home.vue","statementMap":{"0":{"start":{"line":9,"column":0},"end":{"line":null,"column":-1}},"1":{"start":{"line":10,"column":0},"end":{"line":null,"column":-1}}},"fnMap":{},"branchMap":{},"s":{"0":1,"1":1},"f":{},"b":{}}
}
