TN:
SF:/Google Drive/Code Repositories/Samples/eventsApp/mini-events-app/src/components/BlogPosts/index.vue
FNF:0
FNH:0
DA:32,2
DA:44,2
LF:2
LH:2
BRF:0
BRH:0
end_of_record
TN:
SF:/Google Drive/Code Repositories/Samples/eventsApp/mini-events-app/src/components/Events/index.vue
FNF:0
FNH:0
DA:31,2
DA:38,2
LF:2
LH:2
BRF:0
BRH:0
end_of_record
TN:
SF:/Google Drive/Code Repositories/Samples/eventsApp/mini-events-app/src/store/getters/index.js
FN:2,(anonymous_0)
FN:6,(anonymous_1)
FNF:2
FNH:2
FNDA:1,(anonymous_0)
FNDA:1,(anonymous_1)
DA:4,1
DA:8,1
LF:2
LH:2
BRF:0
BRH:0
end_of_record
TN:
SF:/Google Drive/Code Repositories/Samples/eventsApp/mini-events-app/src/store/mutations/index.js
FNF:0
FNH:0
DA:3,1
DA:6,0
LF:2
LH:1
BRF:0
BRH:0
end_of_record
TN:
SF:/Google Drive/Code Repositories/Samples/eventsApp/mini-events-app/src/views/Home.vue
FNF:0
FNH:0
DA:9,1
DA:10,1
LF:2
LH:2
BRF:0
BRH:0
end_of_record
